<?xml version="1.0" encoding="UTF-8"?>
<!-- Generated by org.testng.reporters.JUnitXMLReporter -->
<testsuite ignored="2" hostname="DESKTOP-OJDTQ61" failures="0" tests="1" name="Default test" time="10.505" errors="0" timestamp="2022-07-16T23:25:06 IST">
  <testcase classname="com.web.ui.testScripts.HomePageTest" name="getAllWikiLinks" time="6.915"/>
  <testcase classname="com.web.ui.testScripts.HomePageTest" name="verifyErrorMessage" time="0.0">
    <ignored/>
  </testcase> <!-- verifyErrorMessage -->
  <testcase classname="com.web.ui.testScripts.HomePageTest" name="verifySerachFunctionality" time="0.0">
    <ignored/>
  </testcase> <!-- verifySerachFunctionality -->
</testsuite> <!-- Default test -->
