<?xml version="1.0" encoding="UTF-8"?>
<testng-results ignored="2" total="3" passed="1" failed="0" skipped="0">
  <reporter-output>
  </reporter-output>
  <suite started-at="2022-07-16T23:24:56 IST" name="Default suite" finished-at="2022-07-16T23:25:06 IST" duration-ms="10505">
    <groups>
    </groups>
    <test started-at="2022-07-16T23:24:56 IST" name="Default test" finished-at="2022-07-16T23:25:06 IST" duration-ms="10505">
      <class name="com.web.ui.testScripts.HomePageTest">
        <test-method is-config="true" signature="initBrowser()[pri:0, instance:com.web.ui.testScripts.HomePageTest@1613674b]" started-at="2022-07-16T23:24:56 IST" name="initBrowser" finished-at="2022-07-16T23:24:59 IST" duration-ms="3555" status="PASS">
          <reporter-output>
          </reporter-output>
        </test-method> <!-- initBrowser -->
        <test-method signature="getAllWikiLinks()[pri:3, instance:com.web.ui.testScripts.HomePageTest@1613674b]" started-at="2022-07-16T23:24:59 IST" name="getAllWikiLinks" finished-at="2022-07-16T23:25:06 IST" duration-ms="6915" status="PASS">
          <reporter-output>
          </reporter-output>
        </test-method> <!-- getAllWikiLinks -->
        <test-method is-config="true" signature="tearDown()[pri:0, instance:com.web.ui.testScripts.HomePageTest@1613674b]" started-at="2022-07-16T23:25:06 IST" name="tearDown" finished-at="2022-07-16T23:25:06 IST" duration-ms="0" status="PASS">
          <reporter-output>
          </reporter-output>
        </test-method> <!-- tearDown -->
      </class> <!-- com.web.ui.testScripts.HomePageTest -->
    </test> <!-- Default test -->
  </suite> <!-- Default suite -->
</testng-results>
